0 info it worked if it ends with ok
1 verbose cli [ '/usr/bin/nodejs', '/usr/bin/npm', 'run', 'server' ]
2 info using npm@3.10.10
3 info using node@v6.11.0
4 verbose run-script [ 'preserver', 'server', 'postserver' ]
5 info lifecycle myMap@0.0.0~preserver: myMap@0.0.0
6 silly lifecycle myMap@0.0.0~preserver: no script for preserver, continuing
7 info lifecycle myMap@0.0.0~server: myMap@0.0.0
8 verbose lifecycle myMap@0.0.0~server: unsafe-perm in lifecycle true
9 verbose lifecycle myMap@0.0.0~server: PATH: /usr/lib/node_modules/npm/bin/node-gyp-bin:/home/ubuntu/myMap/node_modules/.bin:/usr/local/sbin:/usr/local/bin:/usr/sbin:/usr/bin:/sbin:/bin:/usr/games:/usr/local/games
10 verbose lifecycle myMap@0.0.0~server: CWD: /home/ubuntu/myMap
11 silly lifecycle myMap@0.0.0~server: Args: [ '-c', './build_css.sh && node index.js' ]
12 silly lifecycle myMap@0.0.0~server: Returned: code: 126  signal: null
13 info lifecycle myMap@0.0.0~server: Failed to exec server script
14 verbose stack Error: myMap@0.0.0 server: `./build_css.sh && node index.js`
14 verbose stack Exit status 126
14 verbose stack     at EventEmitter.<anonymous> (/usr/lib/node_modules/npm/lib/utils/lifecycle.js:255:16)
14 verbose stack     at emitTwo (events.js:106:13)
14 verbose stack     at EventEmitter.emit (events.js:191:7)
14 verbose stack     at ChildProcess.<anonymous> (/usr/lib/node_modules/npm/lib/utils/spawn.js:40:14)
14 verbose stack     at emitTwo (events.js:106:13)
14 verbose stack     at ChildProcess.emit (events.js:191:7)
14 verbose stack     at maybeClose (internal/child_process.js:891:16)
14 verbose stack     at Process.ChildProcess._handle.onexit (internal/child_process.js:226:5)
15 verbose pkgid myMap@0.0.0
16 verbose cwd /home/ubuntu/myMap
17 error Linux 3.13.0-113-generic
18 error argv "/usr/bin/nodejs" "/usr/bin/npm" "run" "server"
19 error node v6.11.0
20 error npm  v3.10.10
21 error code ELIFECYCLE
22 error myMap@0.0.0 server: `./build_css.sh && node index.js`
22 error Exit status 126
23 error Failed at the myMap@0.0.0 server script './build_css.sh && node index.js'.
23 error Make sure you have the latest version of node.js and npm installed.
23 error If you do, this is most likely a problem with the myMap package,
23 error not with npm itself.
23 error Tell the author that this fails on your system:
23 error     ./build_css.sh && node index.js
23 error You can get information on how to open an issue for this project with:
23 error     npm bugs myMap
23 error Or if that isn't available, you can get their info via:
23 error     npm owner ls myMap
23 error There is likely additional logging output above.
24 verbose exit [ 1, true ]
